Determining if the pthread_create exist failed with the following output:
Change Dir: /home/pi/Downloads/mjpg-streamer-master/mjpg-streamer-experimental/_build/CMakeFiles/CMakeTmp

Run Build Command:"/usr/bin/make" "cmTC_aba8a/fast"
make[1]: Entering directory '/home/pi/Downloads/mjpg-streamer-master/mjpg-streamer-experimental/_build/CMakeFiles/CMakeTmp'
/usr/bin/make -f CMakeFiles/cmTC_aba8a.dir/build.make CMakeFiles/cmTC_aba8a.dir/build
make[2]: Entering directory '/home/pi/Downloads/mjpg-streamer-master/mjpg-streamer-experimental/_build/CMakeFiles/CMakeTmp'
Building C object CMakeFiles/cmTC_aba8a.dir/CheckSymbolExists.c.o
/usr/bin/cc     -o CMakeFiles/cmTC_aba8a.dir/CheckSymbolExists.c.o   -c /home/pi/Downloads/mjpg-streamer-master/mjpg-streamer-experimental/_build/CMakeFiles/CMakeTmp/CheckSymbolExists.c
Linking C executable cmTC_aba8a
/usr/bin/cmake -E cmake_link_script CMakeFiles/cmTC_aba8a.dir/link.txt --verbose=1
/usr/bin/cc       CMakeFiles/cmTC_aba8a.dir/CheckSymbolExists.c.o  -o cmTC_aba8a -rdynamic 
CMakeFiles/cmTC_aba8a.dir/CheckSymbolExists.c.o: In function `main':
CheckSymbolExists.c:(.text+0x38): undefined reference to `pthread_create'
collect2: error: ld returned 1 exit status
CMakeFiles/cmTC_aba8a.dir/build.make:97: recipe for target 'cmTC_aba8a' failed
make[2]: *** [cmTC_aba8a] Error 1
make[2]: Leaving directory '/home/pi/Downloads/mjpg-streamer-master/mjpg-streamer-experimental/_build/CMakeFiles/CMakeTmp'
Makefile:126: recipe for target 'cmTC_aba8a/fast' failed
make[1]: *** [cmTC_aba8a/fast] Error 2
make[1]: Leaving directory '/home/pi/Downloads/mjpg-streamer-master/mjpg-streamer-experimental/_build/CMakeFiles/CMakeTmp'

File /home/pi/Downloads/mjpg-streamer-master/mjpg-streamer-experimental/_build/CMakeFiles/CMakeTmp/CheckSymbolExists.c:
/* */
#include <pthread.h>

int main(int argc, char** argv)
{
  (void)argv;
#ifndef pthread_create
  return ((int*)(&pthread_create))[argc];
#else
  (void)argc;
  return 0;
#endif
}

Determining if the function pthread_create exists in the pthreads failed with the following output:
Change Dir: /home/pi/Downloads/mjpg-streamer-master/mjpg-streamer-experimental/_build/CMakeFiles/CMakeTmp

Run Build Command:"/usr/bin/make" "cmTC_17e0b/fast"
make[1]: Entering directory '/home/pi/Downloads/mjpg-streamer-master/mjpg-streamer-experimental/_build/CMakeFiles/CMakeTmp'
/usr/bin/make -f CMakeFiles/cmTC_17e0b.dir/build.make CMakeFiles/cmTC_17e0b.dir/build
make[2]: Entering directory '/home/pi/Downloads/mjpg-streamer-master/mjpg-streamer-experimental/_build/CMakeFiles/CMakeTmp'
Building C object CMakeFiles/cmTC_17e0b.dir/CheckFunctionExists.c.o
/usr/bin/cc    -DCHECK_FUNCTION_EXISTS=pthread_create   -o CMakeFiles/cmTC_17e0b.dir/CheckFunctionExists.c.o   -c /usr/share/cmake-3.7/Modules/CheckFunctionExists.c
Linking C executable cmTC_17e0b
/usr/bin/cmake -E cmake_link_script CMakeFiles/cmTC_17e0b.dir/link.txt --verbose=1
/usr/bin/cc   -DCHECK_FUNCTION_EXISTS=pthread_create    CMakeFiles/cmTC_17e0b.dir/CheckFunctionExists.c.o  -o cmTC_17e0b -rdynamic -lpthreads 
/usr/bin/ld: cannot find -lpthreads
collect2: error: ld returned 1 exit status
CMakeFiles/cmTC_17e0b.dir/build.make:97: recipe for target 'cmTC_17e0b' failed
make[2]: *** [cmTC_17e0b] Error 1
make[2]: Leaving directory '/home/pi/Downloads/mjpg-streamer-master/mjpg-streamer-experimental/_build/CMakeFiles/CMakeTmp'
Makefile:126: recipe for target 'cmTC_17e0b/fast' failed
make[1]: *** [cmTC_17e0b/fast] Error 2
make[1]: Leaving directory '/home/pi/Downloads/mjpg-streamer-master/mjpg-streamer-experimental/_build/CMakeFiles/CMakeTmp'


